  imgui.cpp
  imgui_demo.cpp
  imgui_draw.cpp
  imgui_widgets.cpp
  Compiling...
  Generating Code...
  ImGui.vcxproj -> C:\Users\Spas\Desktop\Cobalt\Cobalt\Cobalt\vendor\imgui\bin\Debug-windows-x86_64\ImGui\ImGui.lib
C:\Users\Spas\Desktop\Cobalt\Cobalt\Cobalt\vendor\imgui\imgui.h(1776): warning C26495: Variable 'ImGuiStorage::ImGuiStoragePair::<unnamed-tag>::val_p' is uninitialized. Always initialize a member variable (type.6).
C:\Users\Spas\Desktop\Cobalt\Cobalt\Cobalt\vendor\imgui\imgui.h(1777): warning C26495: Variable 'ImGuiStorage::ImGuiStoragePair::<unnamed-tag>::val_p' is uninitialized. Always initialize a member variable (type.6).
C:\Users\Spas\Desktop\Cobalt\Cobalt\Cobalt\vendor\imgui\imgui_internal.h(1370): warning C26812: The enum type 'ImGuiInputSource' is unscoped. Prefer 'enum class' over 'enum' (Enum.3).
C:\Users\Spas\Desktop\Cobalt\Cobalt\Cobalt\vendor\imgui\imgui_internal.h(1393): warning C26812: The enum type 'ImGuiNavLayer' is unscoped. Prefer 'enum class' over 'enum' (Enum.3).
C:\Users\Spas\Desktop\Cobalt\Cobalt\Cobalt\vendor\imgui\imgui_internal.h(1406): warning C26812: The enum type 'ImGuiNavForward' is unscoped. Prefer 'enum class' over 'enum' (Enum.3).
C:\Users\Spas\Desktop\Cobalt\Cobalt\Cobalt\vendor\imgui\imgui_internal.h(1452): warning C26812: The enum type 'ImGuiLogType' is unscoped. Prefer 'enum class' over 'enum' (Enum.3).
C:\Users\Spas\Desktop\Cobalt\Cobalt\Cobalt\vendor\imgui\imgui_internal.h(1905): warning C26812: The enum type 'ImGuiInputReadMode' is unscoped. Prefer 'enum class' over 'enum' (Enum.3).
C:\Users\Spas\Desktop\Cobalt\Cobalt\Cobalt\vendor\imgui\imgui.cpp(4089): warning C26812: The enum type 'ImGuiCol_' is unscoped. Prefer 'enum class' over 'enum' (Enum.3).
C:\Users\Spas\Desktop\Cobalt\Cobalt\Cobalt\vendor\imgui\imgui.cpp(4655): warning C28182: Dereferencing NULL pointer. 'window' contains the same NULL value as 'hovered_window' did. See line 4627 for an earlier location where this can occur
C:\Users\Spas\Desktop\Cobalt\Cobalt\Cobalt\vendor\imgui\imgui.h(1624): warning C26495: Variable 'ImGuiSizeCallbackData::UserData' is uninitialized. Always initialize a member variable (type.6).
C:\Users\Spas\Desktop\Cobalt\Cobalt\Cobalt\vendor\imgui\imgui.cpp(5450): warning C26812: The enum type 'ImGuiMouseCursor_' is unscoped. Prefer 'enum class' over 'enum' (Enum.3).
C:\Users\Spas\Desktop\Cobalt\Cobalt\Cobalt\vendor\imgui\imgui.cpp(5632): warning C26812: The enum type 'ImDrawCornerFlags_' is unscoped. Prefer 'enum class' over 'enum' (Enum.3).
C:\Users\Spas\Desktop\Cobalt\Cobalt\Cobalt\vendor\imgui\imgui.cpp(6669): warning C26451: Arithmetic overflow: Using operator '-' on a 4 byte value and then casting the result to a 8 byte value. Cast the value to the wider type before calling operator '-' to avoid overflow (io.2).
C:\Users\Spas\Desktop\Cobalt\Cobalt\Cobalt\vendor\imgui\imgui.cpp(6669): warning C26451: Arithmetic overflow: Using operator '-' on a 4 byte value and then casting the result to a 8 byte value. Cast the value to the wider type before calling operator '-' to avoid overflow (io.2).
C:\Users\Spas\Desktop\Cobalt\Cobalt\Cobalt\vendor\imgui\imgui.cpp(6684): warning C26451: Arithmetic overflow: Using operator '-' on a 4 byte value and then casting the result to a 8 byte value. Cast the value to the wider type before calling operator '-' to avoid overflow (io.2).
C:\Users\Spas\Desktop\Cobalt\Cobalt\Cobalt\vendor\imgui\imgui.cpp(6684): warning C26451: Arithmetic overflow: Using operator '-' on a 4 byte value and then casting the result to a 8 byte value. Cast the value to the wider type before calling operator '-' to avoid overflow (io.2).
C:\Users\Spas\Desktop\Cobalt\Cobalt\Cobalt\vendor\imgui\imgui_internal.h(706): warning C26495: Variable 'ImGuiColorMod::Col' is uninitialized. Always initialize a member variable (type.6).
C:\Users\Spas\Desktop\Cobalt\Cobalt\Cobalt\vendor\imgui\imgui.cpp(8469): warning C26812: The enum type 'ImGuiPopupPositionPolicy' is unscoped. Prefer 'enum class' over 'enum' (Enum.3).
C:\Users\Spas\Desktop\Cobalt\Cobalt\Cobalt\vendor\imgui\imgui.cpp(8594): warning C26812: The enum type 'ImGuiDir_' is unscoped. Prefer 'enum class' over 'enum' (Enum.3).
C:\Users\Spas\Desktop\Cobalt\Cobalt\Cobalt\vendor\imgui\imgui.cpp(10963): warning C6011: Dereferencing NULL pointer 'window->Viewport'. 
C:\Users\Spas\Desktop\Cobalt\Cobalt\Cobalt\vendor\imgui\imgui.cpp(10968): warning C6011: Dereferencing NULL pointer 'window'. See line 10853 for an earlier location where this can occur
C:\Users\Spas\Desktop\Cobalt\Cobalt\Cobalt\vendor\imgui\imgui.cpp(11270): warning C26812: The enum type 'ImGuiDockRequestType' is unscoped. Prefer 'enum class' over 'enum' (Enum.3).
C:\Users\Spas\Desktop\Cobalt\Cobalt\Cobalt\vendor\imgui\imgui.cpp(11901): warning C6011: Dereferencing NULL pointer 'node'. See line 11812 for an earlier location where this can occur
C:\Users\Spas\Desktop\Cobalt\Cobalt\Cobalt\vendor\imgui\imgui.cpp(11826): warning C26812: The enum type 'ImGuiAxis' is unscoped. Prefer 'enum class' over 'enum' (Enum.3).
C:\Users\Spas\Desktop\Cobalt\Cobalt\Cobalt\vendor\imgui\imgui.cpp(12010): warning C26812: The enum type 'ImGuiDockNodeState' is unscoped. Prefer 'enum class' over 'enum' (Enum.3).
C:\Users\Spas\Desktop\Cobalt\Cobalt\Cobalt\vendor\imgui\imgui.cpp(12086): warning C6011: Dereferencing NULL pointer 'node->TabBar'. 
C:\Users\Spas\Desktop\Cobalt\Cobalt\Cobalt\vendor\imgui\imgui.cpp(12265): warning C28182: Dereferencing NULL pointer. 'node' contains the same NULL value as 'results->CentralNode' did. See line 12251 for an earlier location where this can occur
C:\Users\Spas\Desktop\Cobalt\Cobalt\Cobalt\vendor\imgui\imgui.cpp(12833): warning C26451: Arithmetic overflow: Using operator '-' on a 4 byte value and then casting the result to a 8 byte value. Cast the value to the wider type before calling operator '-' to avoid overflow (io.2).
C:\Users\Spas\Desktop\Cobalt\Cobalt\Cobalt\vendor\imgui\imgui.cpp(13389): warning C6011: Dereferencing NULL pointer 'merge_lead_child'. 
C:\Users\Spas\Desktop\Cobalt\Cobalt\Cobalt\vendor\imgui\imgui.cpp(14333): warning C6011: Dereferencing NULL pointer 'node'. 
C:\Users\Spas\Desktop\Cobalt\Cobalt\Cobalt\vendor\imgui\imgui.cpp(14402): warning C28182: Dereferencing NULL pointer. 'window->DockNode' contains the same NULL value as 'node' did. See line 14333 for an earlier location where this can occur
C:\Users\Spas\Desktop\Cobalt\Cobalt\Cobalt\vendor\imgui\imgui.cpp(15089): warning C26451: Arithmetic overflow: Using operator '-' on a 4 byte value and then casting the result to a 8 byte value. Cast the value to the wider type before calling operator '-' to avoid overflow (io.2).
C:\Users\Spas\Desktop\Cobalt\Cobalt\Cobalt\vendor\imgui\imgui.cpp(15158): warning C26451: Arithmetic overflow: Using operator '*' on a 4 byte value and then casting the result to a 8 byte value. Cast the value to the wider type before calling operator '*' to avoid overflow (io.2).
C:\Users\Spas\Desktop\Cobalt\Cobalt\Cobalt\vendor\imgui\imgui.cpp(15269): warning C26451: Arithmetic overflow: Using operator '*' on a 4 byte value and then casting the result to a 8 byte value. Cast the value to the wider type before calling operator '*' to avoid overflow (io.2).
C:\Users\Spas\Desktop\Cobalt\Cobalt\Cobalt\vendor\imgui\imgui.cpp(15270): warning C26451: Arithmetic overflow: Using operator '+' on a 4 byte value and then casting the result to a 8 byte value. Cast the value to the wider type before calling operator '+' to avoid overflow (io.2).
C:\Users\Spas\Desktop\Cobalt\Cobalt\Cobalt\vendor\imgui\imgui.cpp(15270): warning C26451: Arithmetic overflow: Using operator '+' on a 4 byte value and then casting the result to a 8 byte value. Cast the value to the wider type before calling operator '+' to avoid overflow (io.2).
C:\Users\Spas\Desktop\Cobalt\Cobalt\Cobalt\vendor\imgui\imgui.cpp(15271): warning C26451: Arithmetic overflow: Using operator '+' on a 4 byte value and then casting the result to a 8 byte value. Cast the value to the wider type before calling operator '+' to avoid overflow (io.2).
C:\Users\Spas\Desktop\Cobalt\Cobalt\Cobalt\vendor\imgui\imgui.cpp(15271): warning C26451: Arithmetic overflow: Using operator '+' on a 4 byte value and then casting the result to a 8 byte value. Cast the value to the wider type before calling operator '+' to avoid overflow (io.2).
C:\Users\Spas\Desktop\Cobalt\Cobalt\Cobalt\vendor\imgui\imgui_demo.cpp(869): warning C26451: Arithmetic overflow: Using operator '+' on a 4 byte value and then casting the result to a 8 byte value. Cast the value to the wider type before calling operator '+' to avoid overflow (io.2).
C:\Users\Spas\Desktop\Cobalt\Cobalt\Cobalt\vendor\imgui\imgui_demo.cpp(869): warning C26451: Arithmetic overflow: Using operator '+' on a 4 byte value and then casting the result to a 8 byte value. Cast the value to the wider type before calling operator '+' to avoid overflow (io.2).
C:\Users\Spas\Desktop\Cobalt\Cobalt\Cobalt\vendor\imgui\imgui_demo.cpp(3501): warning C6011: Dereferencing NULL pointer 'font->ConfigData'. 
C:\Users\Spas\Desktop\Cobalt\Cobalt\Cobalt\vendor\imgui\imgui_demo.cpp(3495): warning C26451: Arithmetic overflow: Using operator '-' on a 4 byte value and then casting the result to a 8 byte value. Cast the value to the wider type before calling operator '-' to avoid overflow (io.2).
C:\Users\Spas\Desktop\Cobalt\Cobalt\Cobalt\vendor\imgui\imgui_demo.cpp(4721): warning C6011: Dereferencing NULL pointer 'p_open'. 
C:\Users\Spas\Desktop\Cobalt\Cobalt\Cobalt\vendor\imgui\imgui_demo.cpp(4846): warning C26812: The enum type 'ShowExampleAppDocuments::__l2::Target' is unscoped. Prefer 'enum class' over 'enum' (Enum.3).
C:\Users\Spas\Desktop\Cobalt\Cobalt\Cobalt\vendor\imgui\imgui_demo.cpp(4972): warning C26812: The enum type 'ImGuiCond_' is unscoped. Prefer 'enum class' over 'enum' (Enum.3).
C:\Users\Spas\Desktop\Cobalt\Cobalt\Cobalt\vendor\imgui\imstb_truetype.h(1315): warning C26451: Arithmetic overflow: Using operator '*' on a 4 byte value and then casting the result to a 8 byte value. Cast the value to the wider type before calling operator '*' to avoid overflow (io.2).
C:\Users\Spas\Desktop\Cobalt\Cobalt\Cobalt\vendor\imgui\imstb_truetype.h(1476): warning C26451: Arithmetic overflow: Using operator '*' on a 4 byte value and then casting the result to a 8 byte value. Cast the value to the wider type before calling operator '*' to avoid overflow (io.2).
C:\Users\Spas\Desktop\Cobalt\Cobalt\Cobalt\vendor\imgui\imstb_truetype.h(1476): warning C26451: Arithmetic overflow: Using operator '-' on a 4 byte value and then casting the result to a 8 byte value. Cast the value to the wider type before calling operator '-' to avoid overflow (io.2).
C:\Users\Spas\Desktop\Cobalt\Cobalt\Cobalt\vendor\imgui\imstb_truetype.h(1496): warning C26451: Arithmetic overflow: Using operator '*' on a 4 byte value and then casting the result to a 8 byte value. Cast the value to the wider type before calling operator '*' to avoid overflow (io.2).
C:\Users\Spas\Desktop\Cobalt\Cobalt\Cobalt\vendor\imgui\imstb_truetype.h(1504): warning C26451: Arithmetic overflow: Using operator '*' on a 4 byte value and then casting the result to a 8 byte value. Cast the value to the wider type before calling operator '*' to avoid overflow (io.2).
C:\Users\Spas\Desktop\Cobalt\Cobalt\Cobalt\vendor\imgui\imstb_truetype.h(1515): warning C26451: Arithmetic overflow: Using operator '*' on a 4 byte value and then casting the result to a 8 byte value. Cast the value to the wider type before calling operator '*' to avoid overflow (io.2).
C:\Users\Spas\Desktop\Cobalt\Cobalt\Cobalt\vendor\imgui\imstb_truetype.h(1516): warning C26451: Arithmetic overflow: Using operator '*' on a 4 byte value and then casting the result to a 8 byte value. Cast the value to the wider type before calling operator '*' to avoid overflow (io.2).
C:\Users\Spas\Desktop\Cobalt\Cobalt\Cobalt\vendor\imgui\imstb_truetype.h(1516): warning C26451: Arithmetic overflow: Using operator '*' on a 4 byte value and then casting the result to a 8 byte value. Cast the value to the wider type before calling operator '*' to avoid overflow (io.2).
C:\Users\Spas\Desktop\Cobalt\Cobalt\Cobalt\vendor\imgui\imstb_truetype.h(1520): warning C26451: Arithmetic overflow: Using operator '*' on a 4 byte value and then casting the result to a 8 byte value. Cast the value to the wider type before calling operator '*' to avoid overflow (io.2).
C:\Users\Spas\Desktop\Cobalt\Cobalt\Cobalt\vendor\imgui\imstb_truetype.h(1520): warning C26451: Arithmetic overflow: Using operator '*' on a 4 byte value and then casting the result to a 8 byte value. Cast the value to the wider type before calling operator '*' to avoid overflow (io.2).
C:\Users\Spas\Desktop\Cobalt\Cobalt\Cobalt\vendor\imgui\imstb_truetype.h(1524): warning C26451: Arithmetic overflow: Using operator '*' on a 4 byte value and then casting the result to a 8 byte value. Cast the value to the wider type before calling operator '*' to avoid overflow (io.2).
C:\Users\Spas\Desktop\Cobalt\Cobalt\Cobalt\vendor\imgui\imstb_truetype.h(1524): warning C26451: Arithmetic overflow: Using operator '-' on a 4 byte value and then casting the result to a 8 byte value. Cast the value to the wider type before calling operator '-' to avoid overflow (io.2).
C:\Users\Spas\Desktop\Cobalt\Cobalt\Cobalt\vendor\imgui\imstb_truetype.h(1524): warning C26451: Arithmetic overflow: Using operator '*' on a 4 byte value and then casting the result to a 8 byte value. Cast the value to the wider type before calling operator '*' to avoid overflow (io.2).
C:\Users\Spas\Desktop\Cobalt\Cobalt\Cobalt\vendor\imgui\imstb_truetype.h(1524): warning C26451: Arithmetic overflow: Using operator '*' on a 4 byte value and then casting the result to a 8 byte value. Cast the value to the wider type before calling operator '*' to avoid overflow (io.2).
C:\Users\Spas\Desktop\Cobalt\Cobalt\Cobalt\vendor\imgui\imstb_truetype.h(1522): warning C26451: Arithmetic overflow: Using operator '*' on a 4 byte value and then casting the result to a 8 byte value. Cast the value to the wider type before calling operator '*' to avoid overflow (io.2).
C:\Users\Spas\Desktop\Cobalt\Cobalt\Cobalt\vendor\imgui\imstb_truetype.h(1522): warning C26451: Arithmetic overflow: Using operator '*' on a 4 byte value and then casting the result to a 8 byte value. Cast the value to the wider type before calling operator '*' to avoid overflow (io.2).
C:\Users\Spas\Desktop\Cobalt\Cobalt\Cobalt\vendor\imgui\imstb_truetype.h(1533): warning C26451: Arithmetic overflow: Using operator '*' on a 4 byte value and then casting the result to a 8 byte value. Cast the value to the wider type before calling operator '*' to avoid overflow (io.2).
C:\Users\Spas\Desktop\Cobalt\Cobalt\Cobalt\vendor\imgui\imstb_truetype.h(1534): warning C26451: Arithmetic overflow: Using operator '*' on a 4 byte value and then casting the result to a 8 byte value. Cast the value to the wider type before calling operator '*' to avoid overflow (io.2).
C:\Users\Spas\Desktop\Cobalt\Cobalt\Cobalt\vendor\imgui\imstb_truetype.h(1540): warning C26451: Arithmetic overflow: Using operator '*' on a 4 byte value and then casting the result to a 8 byte value. Cast the value to the wider type before calling operator '*' to avoid overflow (io.2).
C:\Users\Spas\Desktop\Cobalt\Cobalt\Cobalt\vendor\imgui\imstb_truetype.h(1581): warning C26451: Arithmetic overflow: Using operator '*' on a 4 byte value and then casting the result to a 8 byte value. Cast the value to the wider type before calling operator '*' to avoid overflow (io.2).
C:\Users\Spas\Desktop\Cobalt\Cobalt\Cobalt\vendor\imgui\imstb_truetype.h(1582): warning C26451: Arithmetic overflow: Using operator '*' on a 4 byte value and then casting the result to a 8 byte value. Cast the value to the wider type before calling operator '*' to avoid overflow (io.2).
C:\Users\Spas\Desktop\Cobalt\Cobalt\Cobalt\vendor\imgui\imstb_truetype.h(1578): warning C26451: Arithmetic overflow: Using operator '*' on a 4 byte value and then casting the result to a 8 byte value. Cast the value to the wider type before calling operator '*' to avoid overflow (io.2).
C:\Users\Spas\Desktop\Cobalt\Cobalt\Cobalt\vendor\imgui\imstb_truetype.h(1579): warning C26451: Arithmetic overflow: Using operator '*' on a 4 byte value and then casting the result to a 8 byte value. Cast the value to the wider type before calling operator '*' to avoid overflow (io.2).
C:\Users\Spas\Desktop\Cobalt\Cobalt\Cobalt\vendor\imgui\imstb_truetype.h(1660): warning C26451: Arithmetic overflow: Using operator '*' on a 4 byte value and then casting the result to a 8 byte value. Cast the value to the wider type before calling operator '*' to avoid overflow (io.2).
C:\Users\Spas\Desktop\Cobalt\Cobalt\Cobalt\vendor\imgui\imstb_truetype.h(1661): warning C26451: Arithmetic overflow: Using operator '*' on a 4 byte value and then casting the result to a 8 byte value. Cast the value to the wider type before calling operator '*' to avoid overflow (io.2).
C:\Users\Spas\Desktop\Cobalt\Cobalt\Cobalt\vendor\imgui\imstb_truetype.h(1663): warning C26451: Arithmetic overflow: Using operator '*' on a 4 byte value and then casting the result to a 8 byte value. Cast the value to the wider type before calling operator '*' to avoid overflow (io.2).
C:\Users\Spas\Desktop\Cobalt\Cobalt\Cobalt\vendor\imgui\imstb_truetype.h(1758): warning C26451: Arithmetic overflow: Using operator '*' on a 4 byte value and then casting the result to a 8 byte value. Cast the value to the wider type before calling operator '*' to avoid overflow (io.2).
C:\Users\Spas\Desktop\Cobalt\Cobalt\Cobalt\vendor\imgui\imstb_truetype.h(1838): warning C26451: Arithmetic overflow: Using operator '+' on a 4 byte value and then casting the result to a 8 byte value. Cast the value to the wider type before calling operator '+' to avoid overflow (io.2).
C:\Users\Spas\Desktop\Cobalt\Cobalt\Cobalt\vendor\imgui\imstb_truetype.h(2277): warning C26451: Arithmetic overflow: Using operator '*' on a 4 byte value and then casting the result to a 8 byte value. Cast the value to the wider type before calling operator '*' to avoid overflow (io.2).
C:\Users\Spas\Desktop\Cobalt\Cobalt\Cobalt\vendor\imgui\imstb_truetype.h(2278): warning C26451: Arithmetic overflow: Using operator '*' on a 4 byte value and then casting the result to a 8 byte value. Cast the value to the wider type before calling operator '*' to avoid overflow (io.2).
C:\Users\Spas\Desktop\Cobalt\Cobalt\Cobalt\vendor\imgui\imstb_truetype.h(2280): warning C26451: Arithmetic overflow: Using operator '*' on a 4 byte value and then casting the result to a 8 byte value. Cast the value to the wider type before calling operator '*' to avoid overflow (io.2).
C:\Users\Spas\Desktop\Cobalt\Cobalt\Cobalt\vendor\imgui\imstb_truetype.h(2281): warning C26451: Arithmetic overflow: Using operator '*' on a 4 byte value and then casting the result to a 8 byte value. Cast the value to the wider type before calling operator '*' to avoid overflow (io.2).
C:\Users\Spas\Desktop\Cobalt\Cobalt\Cobalt\vendor\imgui\imstb_truetype.h(2281): warning C26451: Arithmetic overflow: Using operator '*' on a 4 byte value and then casting the result to a 8 byte value. Cast the value to the wider type before calling operator '*' to avoid overflow (io.2).
C:\Users\Spas\Desktop\Cobalt\Cobalt\Cobalt\vendor\imgui\imstb_truetype.h(2304): warning C26451: Arithmetic overflow: Using operator '*' on a 4 byte value and then casting the result to a 8 byte value. Cast the value to the wider type before calling operator '*' to avoid overflow (io.2).
C:\Users\Spas\Desktop\Cobalt\Cobalt\Cobalt\vendor\imgui\imstb_truetype.h(2310): warning C26451: Arithmetic overflow: Using operator '*' on a 4 byte value and then casting the result to a 8 byte value. Cast the value to the wider type before calling operator '*' to avoid overflow (io.2).
C:\Users\Spas\Desktop\Cobalt\Cobalt\Cobalt\vendor\imgui\imstb_truetype.h(2351): warning C26451: Arithmetic overflow: Using operator '*' on a 4 byte value and then casting the result to a 8 byte value. Cast the value to the wider type before calling operator '*' to avoid overflow (io.2).
C:\Users\Spas\Desktop\Cobalt\Cobalt\Cobalt\vendor\imgui\imstb_truetype.h(2329): warning C26451: Arithmetic overflow: Using operator '*' on a 4 byte value and then casting the result to a 8 byte value. Cast the value to the wider type before calling operator '*' to avoid overflow (io.2).
C:\Users\Spas\Desktop\Cobalt\Cobalt\Cobalt\vendor\imgui\imstb_truetype.h(2401): warning C26451: Arithmetic overflow: Using operator '*' on a 4 byte value and then casting the result to a 8 byte value. Cast the value to the wider type before calling operator '*' to avoid overflow (io.2).
C:\Users\Spas\Desktop\Cobalt\Cobalt\Cobalt\vendor\imgui\imstb_truetype.h(2385): warning C26451: Arithmetic overflow: Using operator '*' on a 4 byte value and then casting the result to a 8 byte value. Cast the value to the wider type before calling operator '*' to avoid overflow (io.2).
C:\Users\Spas\Desktop\Cobalt\Cobalt\Cobalt\vendor\imgui\imstb_truetype.h(2448): warning C26451: Arithmetic overflow: Using operator '*' on a 4 byte value and then casting the result to a 8 byte value. Cast the value to the wider type before calling operator '*' to avoid overflow (io.2).
C:\Users\Spas\Desktop\Cobalt\Cobalt\Cobalt\vendor\imgui\imstb_truetype.h(2458): warning C26451: Arithmetic overflow: Using operator '*' on a 4 byte value and then casting the result to a 8 byte value. Cast the value to the wider type before calling operator '*' to avoid overflow (io.2).
C:\Users\Spas\Desktop\Cobalt\Cobalt\Cobalt\vendor\imgui\imstb_truetype.h(2531): warning C26451: Arithmetic overflow: Using operator '*' on a 4 byte value and then casting the result to a 8 byte value. Cast the value to the wider type before calling operator '*' to avoid overflow (io.2).
C:\Users\Spas\Desktop\Cobalt\Cobalt\Cobalt\vendor\imgui\imstb_truetype.h(2532): warning C26451: Arithmetic overflow: Using operator '*' on a 4 byte value and then casting the result to a 8 byte value. Cast the value to the wider type before calling operator '*' to avoid overflow (io.2).
C:\Users\Spas\Desktop\Cobalt\Cobalt\Cobalt\vendor\imgui\imstb_truetype.h(2473): warning C26451: Arithmetic overflow: Using operator '*' on a 4 byte value and then casting the result to a 8 byte value. Cast the value to the wider type before calling operator '*' to avoid overflow (io.2).
C:\Users\Spas\Desktop\Cobalt\Cobalt\Cobalt\vendor\imgui\imstb_truetype.h(2495): warning C26451: Arithmetic overflow: Using operator '*' on a 4 byte value and then casting the result to a 8 byte value. Cast the value to the wider type before calling operator '*' to avoid overflow (io.2).
C:\Users\Spas\Desktop\Cobalt\Cobalt\Cobalt\vendor\imgui\imstb_truetype.h(2495): warning C26451: Arithmetic overflow: Using operator '+' on a 4 byte value and then casting the result to a 8 byte value. Cast the value to the wider type before calling operator '+' to avoid overflow (io.2).
C:\Users\Spas\Desktop\Cobalt\Cobalt\Cobalt\vendor\imgui\imstb_truetype.h(3147): warning C26451: Arithmetic overflow: Using operator '+' on a 4 byte value and then casting the result to a 8 byte value. Cast the value to the wider type before calling operator '+' to avoid overflow (io.2).
C:\Users\Spas\Desktop\Cobalt\Cobalt\Cobalt\vendor\imgui\imstb_truetype.h(3163): warning C26451: Arithmetic overflow: Using operator '+' on a 4 byte value and then casting the result to a 8 byte value. Cast the value to the wider type before calling operator '+' to avoid overflow (io.2).
C:\Users\Spas\Desktop\Cobalt\Cobalt\Cobalt\vendor\imgui\imstb_truetype.h(3349): warning C26451: Arithmetic overflow: Using operator '+' on a 4 byte value and then casting the result to a 8 byte value. Cast the value to the wider type before calling operator '+' to avoid overflow (io.2).
C:\Users\Spas\Desktop\Cobalt\Cobalt\Cobalt\vendor\imgui\imstb_truetype.h(3582): warning C26451: Arithmetic overflow: Using operator '*' on a 4 byte value and then casting the result to a 8 byte value. Cast the value to the wider type before calling operator '*' to avoid overflow (io.2).
C:\Users\Spas\Desktop\Cobalt\Cobalt\Cobalt\vendor\imgui\imstb_truetype.h(3665): warning C26451: Arithmetic overflow: Using operator '*' on a 4 byte value and then casting the result to a 8 byte value. Cast the value to the wider type before calling operator '*' to avoid overflow (io.2).
C:\Users\Spas\Desktop\Cobalt\Cobalt\Cobalt\vendor\imgui\imstb_truetype.h(3684): warning C26451: Arithmetic overflow: Using operator '*' on a 4 byte value and then casting the result to a 8 byte value. Cast the value to the wider type before calling operator '*' to avoid overflow (io.2).
C:\Users\Spas\Desktop\Cobalt\Cobalt\Cobalt\vendor\imgui\imstb_truetype.h(3824): warning C26451: Arithmetic overflow: Using operator '*' on a 4 byte value and then casting the result to a 8 byte value. Cast the value to the wider type before calling operator '*' to avoid overflow (io.2).
C:\Users\Spas\Desktop\Cobalt\Cobalt\Cobalt\vendor\imgui\imstb_truetype.h(3906): warning C6385: Reading invalid data from 'buffer':  the readable size is '_Old_3`kernel_width' bytes, but '3' bytes may be read.
C:\Users\Spas\Desktop\Cobalt\Cobalt\Cobalt\vendor\imgui\imstb_truetype.h(3968): warning C6385: Reading invalid data from 'buffer':  the readable size is '_Old_3`kernel_width' bytes, but '3' bytes may be read.
C:\Users\Spas\Desktop\Cobalt\Cobalt\Cobalt\vendor\imgui\imstb_truetype.h(4084): warning C26451: Arithmetic overflow: Using operator '*' on a 4 byte value and then casting the result to a 8 byte value. Cast the value to the wider type before calling operator '*' to avoid overflow (io.2).
C:\Users\Spas\Desktop\Cobalt\Cobalt\Cobalt\vendor\imgui\imstb_truetype.h(4094): warning C26451: Arithmetic overflow: Using operator '*' on a 4 byte value and then casting the result to a 8 byte value. Cast the value to the wider type before calling operator '*' to avoid overflow (io.2).
C:\Users\Spas\Desktop\Cobalt\Cobalt\Cobalt\vendor\imgui\imstb_truetype.h(4099): warning C26451: Arithmetic overflow: Using operator '*' on a 4 byte value and then casting the result to a 8 byte value. Cast the value to the wider type before calling operator '*' to avoid overflow (io.2).
C:\Users\Spas\Desktop\Cobalt\Cobalt\Cobalt\vendor\imgui\imstb_truetype.h(4447): warning C26451: Arithmetic overflow: Using operator '*' on a 4 byte value and then casting the result to a 8 byte value. Cast the value to the wider type before calling operator '*' to avoid overflow (io.2).
C:\Users\Spas\Desktop\Cobalt\Cobalt\Cobalt\vendor\imgui\imgui_draw.cpp(637): warning C6255: _alloca indicates failure by raising a stack overflow exception.  Consider using _malloca instead.
C:\Users\Spas\Desktop\Cobalt\Cobalt\Cobalt\vendor\imgui\imgui_draw.cpp(637): warning C26451: Arithmetic overflow: Using operator '*' on a 4 byte value and then casting the result to a 8 byte value. Cast the value to the wider type before calling operator '*' to avoid overflow (io.2).
C:\Users\Spas\Desktop\Cobalt\Cobalt\Cobalt\vendor\imgui\imgui_draw.cpp(828): warning C6255: _alloca indicates failure by raising a stack overflow exception.  Consider using _malloca instead.
C:\Users\Spas\Desktop\Cobalt\Cobalt\Cobalt\vendor\imgui\imgui_draw.cpp(1534): warning C26495: Variable 'ImFontAtlas::CustomRectIds' is uninitialized. Always initialize a member variable (type.6).
C:\Users\Spas\Desktop\Cobalt\Cobalt\Cobalt\vendor\imgui\imgui_draw.cpp(1849): warning C26451: Arithmetic overflow: Using operator '*' on a 4 byte value and then casting the result to a 8 byte value. Cast the value to the wider type before calling operator '*' to avoid overflow (io.2).
C:\Users\Spas\Desktop\Cobalt\Cobalt\Cobalt\vendor\imgui\imgui_draw.cpp(2069): warning C26451: Arithmetic overflow: Using operator '*' on a 4 byte value and then casting the result to a 8 byte value. Cast the value to the wider type before calling operator '*' to avoid overflow (io.2).
C:\Users\Spas\Desktop\Cobalt\Cobalt\Cobalt\vendor\imgui\imgui_draw.cpp(2070): warning C26451: Arithmetic overflow: Using operator '*' on a 4 byte value and then casting the result to a 8 byte value. Cast the value to the wider type before calling operator '*' to avoid overflow (io.2).
C:\Users\Spas\Desktop\Cobalt\Cobalt\Cobalt\vendor\imgui\imgui_draw.cpp(3262): warning C26451: Arithmetic overflow: Using operator '+' on a 4 byte value and then casting the result to a 8 byte value. Cast the value to the wider type before calling operator '+' to avoid overflow (io.2).
C:\Users\Spas\Desktop\Cobalt\Cobalt\Cobalt\vendor\imgui\imgui_draw.cpp(3262): warning C26451: Arithmetic overflow: Using operator '-' on a 4 byte value and then casting the result to a 8 byte value. Cast the value to the wider type before calling operator '-' to avoid overflow (io.2).
C:\Users\Spas\Desktop\Cobalt\Cobalt\Cobalt\vendor\imgui\imgui_draw.cpp(3262): warning C26451: Arithmetic overflow: Using operator '+' on a 4 byte value and then casting the result to a 8 byte value. Cast the value to the wider type before calling operator '+' to avoid overflow (io.2).
C:\Users\Spas\Desktop\Cobalt\Cobalt\Cobalt\vendor\imgui\imgui_draw.cpp(3263): warning C26451: Arithmetic overflow: Using operator '+' on a 4 byte value and then casting the result to a 8 byte value. Cast the value to the wider type before calling operator '+' to avoid overflow (io.2).
C:\Users\Spas\Desktop\Cobalt\Cobalt\Cobalt\vendor\imgui\imgui_draw.cpp(3265): warning C26451: Arithmetic overflow: Using operator '+' on a 4 byte value and then casting the result to a 8 byte value. Cast the value to the wider type before calling operator '+' to avoid overflow (io.2).
C:\Users\Spas\Desktop\Cobalt\Cobalt\Cobalt\vendor\imgui\imgui_draw.cpp(3265): warning C26451: Arithmetic overflow: Using operator '-' on a 4 byte value and then casting the result to a 8 byte value. Cast the value to the wider type before calling operator '-' to avoid overflow (io.2).
C:\Users\Spas\Desktop\Cobalt\Cobalt\Cobalt\vendor\imgui\imgui_draw.cpp(3265): warning C26451: Arithmetic overflow: Using operator '+' on a 4 byte value and then casting the result to a 8 byte value. Cast the value to the wider type before calling operator '+' to avoid overflow (io.2).
C:\Users\Spas\Desktop\Cobalt\Cobalt\Cobalt\vendor\imgui\imgui_draw.cpp(3266): warning C26451: Arithmetic overflow: Using operator '+' on a 4 byte value and then casting the result to a 8 byte value. Cast the value to the wider type before calling operator '+' to avoid overflow (io.2).
C:\Users\Spas\Desktop\Cobalt\Cobalt\Cobalt\vendor\imgui\imgui_draw.cpp(3266): warning C26451: Arithmetic overflow: Using operator '-' on a 4 byte value and then casting the result to a 8 byte value. Cast the value to the wider type before calling operator '-' to avoid overflow (io.2).
C:\Users\Spas\Desktop\Cobalt\Cobalt\Cobalt\vendor\imgui\imgui_draw.cpp(3266): warning C26451: Arithmetic overflow: Using operator '+' on a 4 byte value and then casting the result to a 8 byte value. Cast the value to the wider type before calling operator '+' to avoid overflow (io.2).
C:\Users\Spas\Desktop\Cobalt\Cobalt\Cobalt\vendor\imgui\imgui_draw.cpp(3267): warning C26451: Arithmetic overflow: Using operator '+' on a 4 byte value and then casting the result to a 8 byte value. Cast the value to the wider type before calling operator '+' to avoid overflow (io.2).
C:\Users\Spas\Desktop\Cobalt\Cobalt\Cobalt\vendor\imgui\imgui_draw.cpp(3268): warning C26451: Arithmetic overflow: Using operator '+' on a 4 byte value and then casting the result to a 8 byte value. Cast the value to the wider type before calling operator '+' to avoid overflow (io.2).
C:\Users\Spas\Desktop\Cobalt\Cobalt\Cobalt\vendor\imgui\imgui_draw.cpp(3269): warning C26451: Arithmetic overflow: Using operator '+' on a 4 byte value and then casting the result to a 8 byte value. Cast the value to the wider type before calling operator '+' to avoid overflow (io.2).
C:\Users\Spas\Desktop\Cobalt\Cobalt\Cobalt\vendor\imgui\imgui_draw.cpp(3269): warning C26451: Arithmetic overflow: Using operator '+' on a 4 byte value and then casting the result to a 8 byte value. Cast the value to the wider type before calling operator '+' to avoid overflow (io.2).
C:\Users\Spas\Desktop\Cobalt\Cobalt\Cobalt\vendor\imgui\imgui_draw.cpp(3270): warning C26451: Arithmetic overflow: Using operator '+' on a 4 byte value and then casting the result to a 8 byte value. Cast the value to the wider type before calling operator '+' to avoid overflow (io.2).
C:\Users\Spas\Desktop\Cobalt\Cobalt\Cobalt\vendor\imgui\imgui_draw.cpp(3270): warning C26451: Arithmetic overflow: Using operator '+' on a 4 byte value and then casting the result to a 8 byte value. Cast the value to the wider type before calling operator '+' to avoid overflow (io.2).
C:\Users\Spas\Desktop\Cobalt\Cobalt\Cobalt\vendor\imgui\imgui_widgets.cpp(632): warning C26812: The enum type 'ImGuiCol_' is unscoped. Prefer 'enum class' over 'enum' (Enum.3).
C:\Users\Spas\Desktop\Cobalt\Cobalt\Cobalt\vendor\imgui\imgui_widgets.cpp(775): warning C26812: The enum type 'ImGuiDir_' is unscoped. Prefer 'enum class' over 'enum' (Enum.3).
C:\Users\Spas\Desktop\Cobalt\Cobalt\Cobalt\vendor\imgui\imgui_widgets.cpp(784): warning C26812: The enum type 'ImGuiAxis' is unscoped. Prefer 'enum class' over 'enum' (Enum.3).
C:\Users\Spas\Desktop\Cobalt\Cobalt\Cobalt\vendor\imgui\imgui_widgets.cpp(1136): warning C26451: Arithmetic overflow: Using operator '+' on a 4 byte value and then casting the result to a 8 byte value. Cast the value to the wider type before calling operator '+' to avoid overflow (io.2).
C:\Users\Spas\Desktop\Cobalt\Cobalt\Cobalt\vendor\imgui\imgui_widgets.cpp(1136): warning C26451: Arithmetic overflow: Using operator '*' on a 4 byte value and then casting the result to a 8 byte value. Cast the value to the wider type before calling operator '*' to avoid overflow (io.2).
C:\Users\Spas\Desktop\Cobalt\Cobalt\Cobalt\vendor\imgui\imgui_widgets.cpp(1293): warning C26812: The enum type 'ImGuiSeparatorFlags_' is unscoped. Prefer 'enum class' over 'enum' (Enum.3).
C:\Users\Spas\Desktop\Cobalt\Cobalt\Cobalt\vendor\imgui\imgui_widgets.cpp(1319): warning C26812: The enum type 'ImGuiMouseCursor_' is unscoped. Prefer 'enum class' over 'enum' (Enum.3).
C:\Users\Spas\Desktop\Cobalt\Cobalt\Cobalt\vendor\imgui\imgui_widgets.cpp(1451): warning C26812: The enum type 'ImDrawCornerFlags_' is unscoped. Prefer 'enum class' over 'enum' (Enum.3).
C:\Users\Spas\Desktop\Cobalt\Cobalt\Cobalt\vendor\imgui\imgui_widgets.cpp(1838): warning C6031: Return value ignored: 'sscanf'.
C:\Users\Spas\Desktop\Cobalt\Cobalt\Cobalt\vendor\imgui\imgui_widgets.cpp(1844): warning C6031: Return value ignored: 'sscanf'.
C:\Users\Spas\Desktop\Cobalt\Cobalt\Cobalt\vendor\imgui\imgui_widgets.cpp(2858): warning C26812: The enum type 'ImGuiInputTextFlags_' is unscoped. Prefer 'enum class' over 'enum' (Enum.3).
C:\Users\Spas\Desktop\Cobalt\Cobalt\Cobalt\vendor\imgui\imgui_widgets.cpp(3223): warning C26451: Arithmetic overflow: Using operator '-' on a 4 byte value and then casting the result to a 8 byte value. Cast the value to the wider type before calling operator '-' to avoid overflow (io.2).
C:\Users\Spas\Desktop\Cobalt\Cobalt\Cobalt\vendor\imgui\imstb_textedit.h(1130): warning C26451: Arithmetic overflow: Using operator '-' on a 4 byte value and then casting the result to a 8 byte value. Cast the value to the wider type before calling operator '-' to avoid overflow (io.2).
C:\Users\Spas\Desktop\Cobalt\Cobalt\Cobalt\vendor\imgui\imstb_textedit.h(1138): warning C26451: Arithmetic overflow: Using operator '-' on a 4 byte value and then casting the result to a 8 byte value. Cast the value to the wider type before calling operator '-' to avoid overflow (io.2).
C:\Users\Spas\Desktop\Cobalt\Cobalt\Cobalt\vendor\imgui\imstb_textedit.h(1138): warning C26451: Arithmetic overflow: Using operator '-' on a 4 byte value and then casting the result to a 8 byte value. Cast the value to the wider type before calling operator '-' to avoid overflow (io.2).
C:\Users\Spas\Desktop\Cobalt\Cobalt\Cobalt\vendor\imgui\imgui_widgets.cpp(3309): warning C26451: Arithmetic overflow: Using operator '-' on a 4 byte value and then casting the result to a 8 byte value. Cast the value to the wider type before calling operator '-' to avoid overflow (io.2).
C:\Users\Spas\Desktop\Cobalt\Cobalt\Cobalt\vendor\imgui\imgui_widgets.cpp(3489): warning C26451: Arithmetic overflow: Using operator '+' on a 4 byte value and then casting the result to a 8 byte value. Cast the value to the wider type before calling operator '+' to avoid overflow (io.2).
C:\Users\Spas\Desktop\Cobalt\Cobalt\Cobalt\vendor\imgui\imgui_widgets.cpp(3762): warning C26451: Arithmetic overflow: Using operator '+' on a 4 byte value and then casting the result to a 8 byte value. Cast the value to the wider type before calling operator '+' to avoid overflow (io.2).
C:\Users\Spas\Desktop\Cobalt\Cobalt\Cobalt\vendor\imgui\imgui_widgets.cpp(4307): warning C6031: Return value ignored: 'sscanf'.
C:\Users\Spas\Desktop\Cobalt\Cobalt\Cobalt\vendor\imgui\imgui_widgets.cpp(4309): warning C6031: Return value ignored: 'sscanf'.
C:\Users\Spas\Desktop\Cobalt\Cobalt\Cobalt\vendor\imgui\imgui_widgets.cpp(5772): warning C26812: The enum type 'ImGuiPlotType' is unscoped. Prefer 'enum class' over 'enum' (Enum.3).
C:\Users\Spas\Desktop\Cobalt\Cobalt\Cobalt\vendor\imgui\imgui_widgets.cpp(6074): warning C6011: Dereferencing NULL pointer 'window'. See line 6049 for an earlier location where this can occur
C:\Users\Spas\Desktop\Cobalt\Cobalt\Cobalt\vendor\imgui\imgui_widgets.cpp(2435): warning C26451: Arithmetic overflow: Using operator '*' on a 4 byte value and then casting the result to a 8 byte value. Cast the value to the wider type before calling operator '*' to avoid overflow (io.2).
C:\Users\Spas\Desktop\Cobalt\Cobalt\Cobalt\vendor\imgui\imgui_internal.h(330): warning C26451: Arithmetic overflow: Using operator '+' on a 4 byte value and then casting the result to a 8 byte value. Cast the value to the wider type before calling operator '+' to avoid overflow (io.2).
C:\Users\Spas\Desktop\Cobalt\Cobalt\Cobalt\vendor\imgui\imgui_widgets.cpp(1876): warning C26451: Arithmetic overflow: Using operator '-' on a 4 byte value and then casting the result to a 8 byte value. Cast the value to the wider type before calling operator '-' to avoid overflow (io.2).
